

Microchip MPLAB XC8 Assembler V2.50 build 20240725155939 
                                                                                               Mon Oct 28 23:26:59 2024

Microchip MPLAB XC8 C Compiler v2.50 (Free license) build 20240725155939 Og1 
     1                           	processor	18F4580
     2                           	fnconf	rparam,??,?,0
     3                           	pagewidth 120
     4                           	opt	flic
     5                           	psect	cinit,global,reloc=2,class=CODE,space=0,delta=1
     6                           	psect	cstackCOMRAM,global,class=COMRAM,space=1,delta=1,lowdata,noexec
     7                           	psect	text0,global,reloc=2,class=CODE,space=0,delta=1
     8                           	psect	text1,global,reloc=2,class=CODE,space=0,delta=1
     9                           	psect	smallconst,global,reloc=2,class=SMALLCONST,space=0,delta=1,noexec
    10                           	psect	intsave_regs,global,class=BIGRAM,space=1,delta=1,noexec
    11                           	psect	rparam,global,class=COMRAM,space=1,delta=1,noexec
    12                           	psect	config,global,abs,ovrld,class=CONFIG,space=4,delta=1,noexec
    13   000000                     
    14                           ; Generated 17/10/2023 GMT
    15                           ; 
    16                           ; Copyright © 2023, Microchip Technology Inc. and its subsidiaries ("Microchip")
    17                           ; All rights reserved.
    18                           ; 
    19                           ; This software is developed by Microchip Technology Inc. and its subsidiaries ("Microch
      +                          ip").
    20                           ; 
    21                           ; Redistribution and use in source and binary forms, with or without modification, are
    22                           ; permitted provided that the following conditions are met:
    23                           ; 
    24                           ;     1. Redistributions of source code must retain the above copyright notice, this lis
      +                          t of
    25                           ;        conditions and the following disclaimer.
    26                           ; 
    27                           ;     2. Redistributions in binary form must reproduce the above copyright notice, this 
      +                          list
    28                           ;        of conditions and the following disclaimer in the documentation and/or other
    29                           ;        materials provided with the distribution. Publication is not required when
    30                           ;        this file is used in an embedded application.
    31                           ; 
    32                           ;     3. Microchip's name may not be used to endorse or promote products derived from th
      +                          is
    33                           ;        software without specific prior written permission.
    34                           ; 
    35                           ; THIS SOFTWARE IS PROVIDED BY MICROCHIP "AS IS" AND ANY EXPRESS OR IMPLIED WARRANTIES,
    36                           ; INCLUDING, BUT NOT LIMITED TO, THE IMPLIED WARRANTIES OF MERCHANTABILITY AND FITNESS F
      +                          OR
    37                           ; PURPOSE ARE DISCLAIMED.  IN NO EVENT SHALL MICROCHIP BE LIABLE FOR ANY DIRECT, INDIREC
      +                          T,
    38                           ; INCIDENTAL, SPECIAL, EXEMPLARY, OR CONSEQUENTIAL DAMAGES (INCLUDING BUT NOT LIMITED TO
    39                           ; PROCUREMENT OF SUBSTITUTE GOODS OR SERVICES; LOSS OF USE, DATA OR PROFITS; OR BUSINESS
    40                           ; INTERRUPTION) HOWSOEVER CAUSED AND ON ANY THEORY OF LIABILITY, WHETHER IN CONTRACT, ST
      +                          RICT
    41                           ; LIABILITY, OR TORT (INCLUDING NEGLIGENCE OR OTHERWISE) ARISING IN ANY WAY OUT OF THE U
      +                          SE OF
    42                           ; THIS SOFTWARE, EVEN IF ADVISED OF THE POSSIBILITY OF SUCH DAMAGE.
    43                           ; 
    44                           ; 
    45                           ; Code-generator required, PIC18F4580 Definitions
    46                           ; 
    47                           ; SFR Addresses
    48   000FE0                     bsr             equ	4064
    49   000FE9                     fsr0            equ	4073
    50   000FEA                     fsr0h           equ	4074
    51   000FE9                     fsr0l           equ	4073
    52   000FE1                     fsr1            equ	4065
    53   000FE2                     fsr1h           equ	4066
    54   000FE1                     fsr1l           equ	4065
    55   000FD9                     fsr2            equ	4057
    56   000FDA                     fsr2h           equ	4058
    57   000FD9                     fsr2l           equ	4057
    58   000FEF                     indf0           equ	4079
    59   000FE7                     indf1           equ	4071
    60   000FDF                     indf2           equ	4063
    61   000FF2                     intcon          equ	4082
    62   000000                     nvmcon          equ	0
    63   000FF9                     pcl             equ	4089
    64   000FFA                     pclath          equ	4090
    65   000FFB                     pclatu          equ	4091
    66   000FEB                     plusw0          equ	4075
    67   000FE3                     plusw1          equ	4067
    68   000FDB                     plusw2          equ	4059
    69   000FED                     postdec0        equ	4077
    70   000FE5                     postdec1        equ	4069
    71   000FDD                     postdec2        equ	4061
    72   000FEE                     postinc0        equ	4078
    73   000FE6                     postinc1        equ	4070
    74   000FDE                     postinc2        equ	4062
    75   000FEC                     preinc0         equ	4076
    76   000FE4                     preinc1         equ	4068
    77   000FDC                     preinc2         equ	4060
    78   000FF3                     prod            equ	4083
    79   000FF4                     prodh           equ	4084
    80   000FF3                     prodl           equ	4083
    81   000FD8                     status          equ	4056
    82   000FF5                     tablat          equ	4085
    83   000FF6                     tblptr          equ	4086
    84   000FF7                     tblptrh         equ	4087
    85   000FF6                     tblptrl         equ	4086
    86   000FF8                     tblptru         equ	4088
    87   000FFD                     tosl            equ	4093
    88   000FE8                     wreg            equ	4072
    89   000D60                     RXF6SIDH        equ	3424	;# 
    90   000D61                     RXF6SIDL        equ	3425	;# 
    91   000D62                     RXF6EIDH        equ	3426	;# 
    92   000D63                     RXF6EIDL        equ	3427	;# 
    93   000D64                     RXF7SIDH        equ	3428	;# 
    94   000D65                     RXF7SIDL        equ	3429	;# 
    95   000D66                     RXF7EIDH        equ	3430	;# 
    96   000D67                     RXF7EIDL        equ	3431	;# 
    97   000D68                     RXF8SIDH        equ	3432	;# 
    98   000D69                     RXF8SIDL        equ	3433	;# 
    99   000D6A                     RXF8EIDH        equ	3434	;# 
   100   000D6B                     RXF8EIDL        equ	3435	;# 
   101   000D70                     RXF9SIDH        equ	3440	;# 
   102   000D71                     RXF9SIDL        equ	3441	;# 
   103   000D72                     RXF9EIDH        equ	3442	;# 
   104   000D73                     RXF9EIDL        equ	3443	;# 
   105   000D74                     RXF10SIDH       equ	3444	;# 
   106   000D75                     RXF10SIDL       equ	3445	;# 
   107   000D76                     RXF10EIDH       equ	3446	;# 
   108   000D77                     RXF10EIDL       equ	3447	;# 
   109   000D78                     RXF11SIDH       equ	3448	;# 
   110   000D79                     RXF11SIDL       equ	3449	;# 
   111   000D7A                     RXF11EIDH       equ	3450	;# 
   112   000D7B                     RXF11EIDL       equ	3451	;# 
   113   000D80                     RXF12SIDH       equ	3456	;# 
   114   000D81                     RXF12SIDL       equ	3457	;# 
   115   000D82                     RXF12EIDH       equ	3458	;# 
   116   000D83                     RXF12EIDL       equ	3459	;# 
   117   000D84                     RXF13SIDH       equ	3460	;# 
   118   000D85                     RXF13SIDL       equ	3461	;# 
   119   000D86                     RXF13EIDH       equ	3462	;# 
   120   000D87                     RXF13EIDL       equ	3463	;# 
   121   000D88                     RXF14SIDH       equ	3464	;# 
   122   000D89                     RXF14SIDL       equ	3465	;# 
   123   000D8A                     RXF14EIDH       equ	3466	;# 
   124   000D8B                     RXF14EIDL       equ	3467	;# 
   125   000D90                     RXF15SIDH       equ	3472	;# 
   126   000D91                     RXF15SIDL       equ	3473	;# 
   127   000D92                     RXF15EIDH       equ	3474	;# 
   128   000D93                     RXF15EIDL       equ	3475	;# 
   129   000DD4                     RXFCON0         equ	3540	;# 
   130   000DD5                     RXFCON1         equ	3541	;# 
   131   000DD8                     SDFLC           equ	3544	;# 
   132   000DE0                     RXFBCON0        equ	3552	;# 
   133   000DE1                     RXFBCON1        equ	3553	;# 
   134   000DE2                     RXFBCON2        equ	3554	;# 
   135   000DE3                     RXFBCON3        equ	3555	;# 
   136   000DE4                     RXFBCON4        equ	3556	;# 
   137   000DE5                     RXFBCON5        equ	3557	;# 
   138   000DE6                     RXFBCON6        equ	3558	;# 
   139   000DE7                     RXFBCON7        equ	3559	;# 
   140   000DF0                     MSEL0           equ	3568	;# 
   141   000DF1                     MSEL1           equ	3569	;# 
   142   000DF2                     MSEL2           equ	3570	;# 
   143   000DF3                     MSEL3           equ	3571	;# 
   144   000DF8                     BSEL0           equ	3576	;# 
   145   000DFA                     BIE0            equ	3578	;# 
   146   000DFC                     TXBIE           equ	3580	;# 
   147   000E20                     B0CON           equ	3616	;# 
   148   000E21                     B0SIDH          equ	3617	;# 
   149   000E22                     B0SIDL          equ	3618	;# 
   150   000E23                     B0EIDH          equ	3619	;# 
   151   000E24                     B0EIDL          equ	3620	;# 
   152   000E25                     B0DLC           equ	3621	;# 
   153   000E26                     B0D0            equ	3622	;# 
   154   000E27                     B0D1            equ	3623	;# 
   155   000E28                     B0D2            equ	3624	;# 
   156   000E29                     B0D3            equ	3625	;# 
   157   000E2A                     B0D4            equ	3626	;# 
   158   000E2B                     B0D5            equ	3627	;# 
   159   000E2C                     B0D6            equ	3628	;# 
   160   000E2D                     B0D7            equ	3629	;# 
   161   000E2E                     CANSTAT_RO9     equ	3630	;# 
   162   000E2F                     CANCON_RO9      equ	3631	;# 
   163   000E30                     B1CON           equ	3632	;# 
   164   000E31                     B1SIDH          equ	3633	;# 
   165   000E32                     B1SIDL          equ	3634	;# 
   166   000E33                     B1EIDH          equ	3635	;# 
   167   000E34                     B1EIDL          equ	3636	;# 
   168   000E35                     B1DLC           equ	3637	;# 
   169   000E36                     B1D0            equ	3638	;# 
   170   000E37                     B1D1            equ	3639	;# 
   171   000E38                     B1D2            equ	3640	;# 
   172   000E39                     B1D3            equ	3641	;# 
   173   000E3A                     B1D4            equ	3642	;# 
   174   000E3B                     B1D5            equ	3643	;# 
   175   000E3C                     B1D6            equ	3644	;# 
   176   000E3D                     B1D7            equ	3645	;# 
   177   000E3E                     CANSTAT_RO8     equ	3646	;# 
   178   000E3F                     CANCON_RO8      equ	3647	;# 
   179   000E40                     B2CON           equ	3648	;# 
   180   000E41                     B2SIDH          equ	3649	;# 
   181   000E42                     B2SIDL          equ	3650	;# 
   182   000E43                     B2EIDH          equ	3651	;# 
   183   000E44                     B2EIDL          equ	3652	;# 
   184   000E45                     B2DLC           equ	3653	;# 
   185   000E46                     B2D0            equ	3654	;# 
   186   000E47                     B2D1            equ	3655	;# 
   187   000E48                     B2D2            equ	3656	;# 
   188   000E49                     B2D3            equ	3657	;# 
   189   000E4A                     B2D4            equ	3658	;# 
   190   000E4B                     B2D5            equ	3659	;# 
   191   000E4C                     B2D6            equ	3660	;# 
   192   000E4D                     B2D7            equ	3661	;# 
   193   000E4E                     CANSTAT_RO7     equ	3662	;# 
   194   000E4F                     CANCON_RO7      equ	3663	;# 
   195   000E50                     B3CON           equ	3664	;# 
   196   000E51                     B3SIDH          equ	3665	;# 
   197   000E52                     B3SIDL          equ	3666	;# 
   198   000E53                     B3EIDH          equ	3667	;# 
   199   000E54                     B3EIDL          equ	3668	;# 
   200   000E55                     B3DLC           equ	3669	;# 
   201   000E56                     B3D0            equ	3670	;# 
   202   000E57                     B3D1            equ	3671	;# 
   203   000E58                     B3D2            equ	3672	;# 
   204   000E59                     B3D3            equ	3673	;# 
   205   000E5A                     B3D4            equ	3674	;# 
   206   000E5B                     B3D5            equ	3675	;# 
   207   000E5C                     B3D6            equ	3676	;# 
   208   000E5D                     B3D7            equ	3677	;# 
   209   000E5E                     CANSTAT_RO6     equ	3678	;# 
   210   000E5F                     CANCON_RO6      equ	3679	;# 
   211   000E60                     B4CON           equ	3680	;# 
   212   000E61                     B4SIDH          equ	3681	;# 
   213   000E62                     B4SIDL          equ	3682	;# 
   214   000E63                     B4EIDH          equ	3683	;# 
   215   000E64                     B4EIDL          equ	3684	;# 
   216   000E65                     B4DLC           equ	3685	;# 
   217   000E66                     B4D0            equ	3686	;# 
   218   000E67                     B4D1            equ	3687	;# 
   219   000E68                     B4D2            equ	3688	;# 
   220   000E69                     B4D3            equ	3689	;# 
   221   000E6A                     B4D4            equ	3690	;# 
   222   000E6B                     B4D5            equ	3691	;# 
   223   000E6C                     B4D6            equ	3692	;# 
   224   000E6D                     B4D7            equ	3693	;# 
   225   000E6E                     CANSTAT_RO5     equ	3694	;# 
   226   000E6F                     CANCON_RO5      equ	3695	;# 
   227   000E70                     B5CON           equ	3696	;# 
   228   000E71                     B5SIDH          equ	3697	;# 
   229   000E72                     B5SIDL          equ	3698	;# 
   230   000E73                     B5EIDH          equ	3699	;# 
   231   000E74                     B5EIDL          equ	3700	;# 
   232   000E75                     B5DLC           equ	3701	;# 
   233   000E76                     B5D0            equ	3702	;# 
   234   000E77                     B5D1            equ	3703	;# 
   235   000E78                     B5D2            equ	3704	;# 
   236   000E79                     B5D3            equ	3705	;# 
   237   000E7A                     B5D4            equ	3706	;# 
   238   000E7B                     B5D5            equ	3707	;# 
   239   000E7C                     B5D6            equ	3708	;# 
   240   000E7D                     B5D7            equ	3709	;# 
   241   000E7E                     CANSTAT_RO4     equ	3710	;# 
   242   000E7F                     CANCON_RO4      equ	3711	;# 
   243   000F00                     RXF0SIDH        equ	3840	;# 
   244   000F01                     RXF0SIDL        equ	3841	;# 
   245   000F02                     RXF0EIDH        equ	3842	;# 
   246   000F03                     RXF0EIDL        equ	3843	;# 
   247   000F04                     RXF1SIDH        equ	3844	;# 
   248   000F05                     RXF1SIDL        equ	3845	;# 
   249   000F06                     RXF1EIDH        equ	3846	;# 
   250   000F07                     RXF1EIDL        equ	3847	;# 
   251   000F08                     RXF2SIDH        equ	3848	;# 
   252   000F09                     RXF2SIDL        equ	3849	;# 
   253   000F0A                     RXF2EIDH        equ	3850	;# 
   254   000F0B                     RXF2EIDL        equ	3851	;# 
   255   000F0C                     RXF3SIDH        equ	3852	;# 
   256   000F0D                     RXF3SIDL        equ	3853	;# 
   257   000F0E                     RXF3EIDH        equ	3854	;# 
   258   000F0F                     RXF3EIDL        equ	3855	;# 
   259   000F10                     RXF4SIDH        equ	3856	;# 
   260   000F11                     RXF4SIDL        equ	3857	;# 
   261   000F12                     RXF4EIDH        equ	3858	;# 
   262   000F13                     RXF4EIDL        equ	3859	;# 
   263   000F14                     RXF5SIDH        equ	3860	;# 
   264   000F15                     RXF5SIDL        equ	3861	;# 
   265   000F16                     RXF5EIDH        equ	3862	;# 
   266   000F17                     RXF5EIDL        equ	3863	;# 
   267   000F18                     RXM0SIDH        equ	3864	;# 
   268   000F19                     RXM0SIDL        equ	3865	;# 
   269   000F1A                     RXM0EIDH        equ	3866	;# 
   270   000F1B                     RXM0EIDL        equ	3867	;# 
   271   000F1C                     RXM1SIDH        equ	3868	;# 
   272   000F1D                     RXM1SIDL        equ	3869	;# 
   273   000F1E                     RXM1EIDH        equ	3870	;# 
   274   000F1F                     RXM1EIDL        equ	3871	;# 
   275   000F20                     TXB2CON         equ	3872	;# 
   276   000F21                     TXB2SIDH        equ	3873	;# 
   277   000F22                     TXB2SIDL        equ	3874	;# 
   278   000F23                     TXB2EIDH        equ	3875	;# 
   279   000F24                     TXB2EIDL        equ	3876	;# 
   280   000F25                     TXB2DLC         equ	3877	;# 
   281   000F26                     TXB2D0          equ	3878	;# 
   282   000F27                     TXB2D1          equ	3879	;# 
   283   000F28                     TXB2D2          equ	3880	;# 
   284   000F29                     TXB2D3          equ	3881	;# 
   285   000F2A                     TXB2D4          equ	3882	;# 
   286   000F2B                     TXB2D5          equ	3883	;# 
   287   000F2C                     TXB2D6          equ	3884	;# 
   288   000F2D                     TXB2D7          equ	3885	;# 
   289   000F2E                     CANSTAT_RO3     equ	3886	;# 
   290   000F2F                     CANCON_RO3      equ	3887	;# 
   291   000F30                     TXB1CON         equ	3888	;# 
   292   000F31                     TXB1SIDH        equ	3889	;# 
   293   000F32                     TXB1SIDL        equ	3890	;# 
   294   000F33                     TXB1EIDH        equ	3891	;# 
   295   000F34                     TXB1EIDL        equ	3892	;# 
   296   000F35                     TXB1DLC         equ	3893	;# 
   297   000F36                     TXB1D0          equ	3894	;# 
   298   000F37                     TXB1D1          equ	3895	;# 
   299   000F38                     TXB1D2          equ	3896	;# 
   300   000F39                     TXB1D3          equ	3897	;# 
   301   000F3A                     TXB1D4          equ	3898	;# 
   302   000F3B                     TXB1D5          equ	3899	;# 
   303   000F3C                     TXB1D6          equ	3900	;# 
   304   000F3D                     TXB1D7          equ	3901	;# 
   305   000F3E                     CANSTAT_RO2     equ	3902	;# 
   306   000F3F                     CANCON_RO2      equ	3903	;# 
   307   000F40                     TXB0CON         equ	3904	;# 
   308   000F41                     TXB0SIDH        equ	3905	;# 
   309   000F42                     TXB0SIDL        equ	3906	;# 
   310   000F43                     TXB0EIDH        equ	3907	;# 
   311   000F44                     TXB0EIDL        equ	3908	;# 
   312   000F45                     TXB0DLC         equ	3909	;# 
   313   000F46                     TXB0D0          equ	3910	;# 
   314   000F47                     TXB0D1          equ	3911	;# 
   315   000F48                     TXB0D2          equ	3912	;# 
   316   000F49                     TXB0D3          equ	3913	;# 
   317   000F4A                     TXB0D4          equ	3914	;# 
   318   000F4B                     TXB0D5          equ	3915	;# 
   319   000F4C                     TXB0D6          equ	3916	;# 
   320   000F4D                     TXB0D7          equ	3917	;# 
   321   000F4E                     CANSTAT_RO1     equ	3918	;# 
   322   000F4F                     CANCON_RO1      equ	3919	;# 
   323   000F50                     RXB1CON         equ	3920	;# 
   324   000F51                     RXB1SIDH        equ	3921	;# 
   325   000F52                     RXB1SIDL        equ	3922	;# 
   326   000F53                     RXB1EIDH        equ	3923	;# 
   327   000F54                     RXB1EIDL        equ	3924	;# 
   328   000F55                     RXB1DLC         equ	3925	;# 
   329   000F56                     RXB1D0          equ	3926	;# 
   330   000F57                     RXB1D1          equ	3927	;# 
   331   000F58                     RXB1D2          equ	3928	;# 
   332   000F59                     RXB1D3          equ	3929	;# 
   333   000F5A                     RXB1D4          equ	3930	;# 
   334   000F5B                     RXB1D5          equ	3931	;# 
   335   000F5C                     RXB1D6          equ	3932	;# 
   336   000F5D                     RXB1D7          equ	3933	;# 
   337   000F5E                     CANSTAT_RO0     equ	3934	;# 
   338   000F5F                     CANCON_RO0      equ	3935	;# 
   339   000F60                     RXB0CON         equ	3936	;# 
   340   000F61                     RXB0SIDH        equ	3937	;# 
   341   000F62                     RXB0SIDL        equ	3938	;# 
   342   000F63                     RXB0EIDH        equ	3939	;# 
   343   000F64                     RXB0EIDL        equ	3940	;# 
   344   000F65                     RXB0DLC         equ	3941	;# 
   345   000F66                     RXB0D0          equ	3942	;# 
   346   000F67                     RXB0D1          equ	3943	;# 
   347   000F68                     RXB0D2          equ	3944	;# 
   348   000F69                     RXB0D3          equ	3945	;# 
   349   000F6A                     RXB0D4          equ	3946	;# 
   350   000F6B                     RXB0D5          equ	3947	;# 
   351   000F6C                     RXB0D6          equ	3948	;# 
   352   000F6D                     RXB0D7          equ	3949	;# 
   353   000F6E                     CANSTAT         equ	3950	;# 
   354   000F6F                     CANCON          equ	3951	;# 
   355   000F70                     BRGCON1         equ	3952	;# 
   356   000F71                     BRGCON2         equ	3953	;# 
   357   000F72                     BRGCON3         equ	3954	;# 
   358   000F73                     CIOCON          equ	3955	;# 
   359   000F74                     COMSTAT         equ	3956	;# 
   360   000F75                     RXERRCNT        equ	3957	;# 
   361   000F76                     TXERRCNT        equ	3958	;# 
   362   000F77                     ECANCON         equ	3959	;# 
   363   000F80                     PORTA           equ	3968	;# 
   364   000F81                     PORTB           equ	3969	;# 
   365   000F82                     PORTC           equ	3970	;# 
   366   000F83                     PORTD           equ	3971	;# 
   367   000F84                     PORTE           equ	3972	;# 
   368   000F89                     LATA            equ	3977	;# 
   369   000F8A                     LATB            equ	3978	;# 
   370   000F8B                     LATC            equ	3979	;# 
   371   000F8C                     LATD            equ	3980	;# 
   372   000F8D                     LATE            equ	3981	;# 
   373   000F92                     TRISA           equ	3986	;# 
   374   000F92                     DDRA            equ	3986	;# 
   375   000F93                     TRISB           equ	3987	;# 
   376   000F93                     DDRB            equ	3987	;# 
   377   000F94                     TRISC           equ	3988	;# 
   378   000F94                     DDRC            equ	3988	;# 
   379   000F95                     TRISD           equ	3989	;# 
   380   000F95                     DDRD            equ	3989	;# 
   381   000F96                     TRISE           equ	3990	;# 
   382   000F96                     DDRE            equ	3990	;# 
   383   000F9B                     OSCTUNE         equ	3995	;# 
   384   000F9D                     PIE1            equ	3997	;# 
   385   000F9E                     PIR1            equ	3998	;# 
   386   000F9F                     IPR1            equ	3999	;# 
   387   000FA0                     PIE2            equ	4000	;# 
   388   000FA1                     PIR2            equ	4001	;# 
   389   000FA2                     IPR2            equ	4002	;# 
   390   000FA3                     PIE3            equ	4003	;# 
   391   000FA4                     PIR3            equ	4004	;# 
   392   000FA5                     IPR3            equ	4005	;# 
   393   000FA6                     EECON1          equ	4006	;# 
   394   000FA7                     EECON2          equ	4007	;# 
   395   000FA8                     EEDATA          equ	4008	;# 
   396   000FA9                     EEADR           equ	4009	;# 
   397   000FAB                     RCSTA           equ	4011	;# 
   398   000FAB                     RCSTA1          equ	4011	;# 
   399   000FAC                     TXSTA           equ	4012	;# 
   400   000FAC                     TXSTA1          equ	4012	;# 
   401   000FAD                     TXREG           equ	4013	;# 
   402   000FAD                     TXREG1          equ	4013	;# 
   403   000FAE                     RCREG           equ	4014	;# 
   404   000FAE                     RCREG1          equ	4014	;# 
   405   000FAF                     SPBRG           equ	4015	;# 
   406   000FAF                     SPBRG1          equ	4015	;# 
   407   000FB0                     SPBRGH          equ	4016	;# 
   408   000FB1                     T3CON           equ	4017	;# 
   409   000FB2                     TMR3            equ	4018	;# 
   410   000FB2                     TMR3L           equ	4018	;# 
   411   000FB3                     TMR3H           equ	4019	;# 
   412   000FB4                     CMCON           equ	4020	;# 
   413   000FB5                     CVRCON          equ	4021	;# 
   414   000FB6                     ECCP1AS         equ	4022	;# 
   415   000FB7                     ECCP1DEL        equ	4023	;# 
   416   000FB8                     BAUDCON         equ	4024	;# 
   417   000FB8                     BAUDCTL         equ	4024	;# 
   418   000FBA                     ECCP1CON        equ	4026	;# 
   419   000FBB                     ECCPR1          equ	4027	;# 
   420   000FBB                     ECCPR1L         equ	4027	;# 
   421   000FBC                     ECCPR1H         equ	4028	;# 
   422   000FBD                     CCP1CON         equ	4029	;# 
   423   000FBE                     CCPR1           equ	4030	;# 
   424   000FBE                     CCPR1L          equ	4030	;# 
   425   000FBF                     CCPR1H          equ	4031	;# 
   426   000FC0                     ADCON2          equ	4032	;# 
   427   000FC1                     ADCON1          equ	4033	;# 
   428   000FC2                     ADCON0          equ	4034	;# 
   429   000FC3                     ADRES           equ	4035	;# 
   430   000FC3                     ADRESL          equ	4035	;# 
   431   000FC4                     ADRESH          equ	4036	;# 
   432   000FC5                     SSPCON2         equ	4037	;# 
   433   000FC6                     SSPCON1         equ	4038	;# 
   434   000FC7                     SSPSTAT         equ	4039	;# 
   435   000FC8                     SSPADD          equ	4040	;# 
   436   000FC9                     SSPBUF          equ	4041	;# 
   437   000FCA                     T2CON           equ	4042	;# 
   438   000FCB                     PR2             equ	4043	;# 
   439   000FCB                     MEMCON          equ	4043	;# 
   440   000FCC                     TMR2            equ	4044	;# 
   441   000FCD                     T1CON           equ	4045	;# 
   442   000FCE                     TMR1            equ	4046	;# 
   443   000FCE                     TMR1L           equ	4046	;# 
   444   000FCF                     TMR1H           equ	4047	;# 
   445   000FD0                     RCON            equ	4048	;# 
   446   000FD1                     WDTCON          equ	4049	;# 
   447   000FD2                     HLVDCON         equ	4050	;# 
   448   000FD2                     LVDCON          equ	4050	;# 
   449   000FD3                     OSCCON          equ	4051	;# 
   450   000FD5                     T0CON           equ	4053	;# 
   451   000FD6                     TMR0            equ	4054	;# 
   452   000FD6                     TMR0L           equ	4054	;# 
   453   000FD7                     TMR0H           equ	4055	;# 
   454   000FD8                     STATUS          equ	4056	;# 
   455   000FD9                     FSR2            equ	4057	;# 
   456   000FD9                     FSR2L           equ	4057	;# 
   457   000FDA                     FSR2H           equ	4058	;# 
   458   000FDB                     PLUSW2          equ	4059	;# 
   459   000FDC                     PREINC2         equ	4060	;# 
   460   000FDD                     POSTDEC2        equ	4061	;# 
   461   000FDE                     POSTINC2        equ	4062	;# 
   462   000FDF                     INDF2           equ	4063	;# 
   463   000FE0                     BSR             equ	4064	;# 
   464   000FE1                     FSR1            equ	4065	;# 
   465   000FE1                     FSR1L           equ	4065	;# 
   466   000FE2                     FSR1H           equ	4066	;# 
   467   000FE3                     PLUSW1          equ	4067	;# 
   468   000FE4                     PREINC1         equ	4068	;# 
   469   000FE5                     POSTDEC1        equ	4069	;# 
   470   000FE6                     POSTINC1        equ	4070	;# 
   471   000FE7                     INDF1           equ	4071	;# 
   472   000FE8                     WREG            equ	4072	;# 
   473   000FE9                     FSR0            equ	4073	;# 
   474   000FE9                     FSR0L           equ	4073	;# 
   475   000FEA                     FSR0H           equ	4074	;# 
   476   000FEB                     PLUSW0          equ	4075	;# 
   477   000FEC                     PREINC0         equ	4076	;# 
   478   000FED                     POSTDEC0        equ	4077	;# 
   479   000FEE                     POSTINC0        equ	4078	;# 
   480   000FEF                     INDF0           equ	4079	;# 
   481   000FF0                     INTCON3         equ	4080	;# 
   482   000FF1                     INTCON2         equ	4081	;# 
   483   000FF2                     INTCON          equ	4082	;# 
   484   000FF3                     PROD            equ	4083	;# 
   485   000FF3                     PRODL           equ	4083	;# 
   486   000FF4                     PRODH           equ	4084	;# 
   487   000FF5                     TABLAT          equ	4085	;# 
   488   000FF6                     TBLPTR          equ	4086	;# 
   489   000FF6                     TBLPTRL         equ	4086	;# 
   490   000FF7                     TBLPTRH         equ	4087	;# 
   491   000FF8                     TBLPTRU         equ	4088	;# 
   492   000FF9                     PCLAT           equ	4089	;# 
   493   000FF9                     PC              equ	4089	;# 
   494   000FF9                     PCL             equ	4089	;# 
   495   000FFA                     PCLATH          equ	4090	;# 
   496   000FFB                     PCLATU          equ	4091	;# 
   497   000FFC                     STKPTR          equ	4092	;# 
   498   000FFD                     TOS             equ	4093	;# 
   499   000FFD                     TOSL            equ	4093	;# 
   500   000FFE                     TOSH            equ	4094	;# 
   501   000FFF                     TOSU            equ	4095	;# 
   502   000F93                     _TRISBbits      set	3987
   503   000F95                     _TRISD          set	3989
   504   000FD3                     _OSCCON         set	4051
   505   000F81                     _PORTBbits      set	3969
   506   000F8C                     _LATD           set	3980
   507                           
   508                           ; #config settings
   509                           
   510                           	psect	cinit
   511   000664                     __pcinit:
   512                           	callstack 0
   513   000664                     start_initialization:
   514                           	callstack 0
   515   000664                     __initialization:
   516                           	callstack 0
   517   000664                     end_of_initialization:
   518                           	callstack 0
   519   000664                     __end_of__initialization:
   520                           	callstack 0
   521   000664  0100               	movlb	0
   522   000666  EF01  F003         	goto	_main	;jump to C main() function
   523                           
   524                           	psect	cstackCOMRAM
   525   000001                     __pcstackCOMRAM:
   526                           	callstack 0
   527   000001                     ??_main:
   528                           
   529                           ; 1 bytes @ 0x0
   530   000001                     	ds	2
   531   000003                     main@ANTES_BOTAO:
   532                           	callstack 0
   533                           
   534                           ; 1 bytes @ 0x2
   535   000003                     	ds	1
   536   000004                     main@ATUAL_BOTAO:
   537                           	callstack 0
   538                           
   539                           ; 1 bytes @ 0x3
   540   000004                     	ds	1
   541                           
   542 ;;
   543 ;;Main: autosize = 0, tempsize = 2, incstack = 0, save=0
   544 ;;
   545 ;; *************** function _main *****************
   546 ;; Defined at:
   547 ;;		line 10 in file "TP2_Exer2.c"
   548 ;; Parameters:    Size  Location     Type
   549 ;;		None
   550 ;; Auto vars:     Size  Location     Type
   551 ;;  ATUAL_BOTAO     1    3[COMRAM] unsigned char 
   552 ;;  ANTES_BOTAO     1    2[COMRAM] unsigned char 
   553 ;; Return value:  Size  Location     Type
   554 ;;                  1    wreg      void 
   555 ;; Registers used:
   556 ;;		wreg, status,2, status,0, cstack
   557 ;; Tracked objects:
   558 ;;		On entry : 0/0
   559 ;;		On exit  : 0/0
   560 ;;		Unchanged: 0/0
   561 ;; Data sizes:     COMRAM   BANK0   BANK1   BANK2   BANK3   BANK4   BANK5
   562 ;;      Params:         0       0       0       0       0       0       0
   563 ;;      Locals:         2       0       0       0       0       0       0
   564 ;;      Temps:          2       0       0       0       0       0       0
   565 ;;      Totals:         4       0       0       0       0       0       0
   566 ;;Total ram usage:        4 bytes
   567 ;; Hardware stack levels required when called: 1
   568 ;; This function calls:
   569 ;;		_setup
   570 ;; This function is called by:
   571 ;;		Startup code after reset
   572 ;; This function uses a non-reentrant model
   573 ;;
   574                           
   575                           	psect	text0
   576   000602                     __ptext0:
   577                           	callstack 0
   578   000602                     _main:
   579                           	callstack 30
   580   000602                     
   581                           ;TP2_Exer2.c: 11: setup();
   582   000602  EC2D  F003         	call	_setup	;wreg free
   583   000606                     
   584                           ;TP2_Exer2.c: 12: LATD = 0b00101011;
   585   000606  0E2B               	movlw	43
   586   000608  6E8C               	movwf	140,c	;volatile
   587   00060A                     
   588                           ;TP2_Exer2.c: 14: unsigned char ANTES_BOTAO = 0;
   589   00060A  6A03               	clrf	main@ANTES_BOTAO^0,c
   590   00060C                     l788:
   591                           
   592                           ;TP2_Exer2.c: 17: ATUAL_BOTAO = PORTBbits.RB0;
   593   00060C  0E00               	movlw	0
   594   00060E  B081               	btfsc	129,0,c	;volatile
   595   000610  0E01               	movlw	1
   596   000612  6E04               	movwf	main@ATUAL_BOTAO^0,c
   597   000614                     
   598                           ;TP2_Exer2.c: 19: if (ANTES_BOTAO == 1 && ATUAL_BOTAO == 0){
   599   000614  0403               	decf	main@ANTES_BOTAO^0,w,c
   600   000616  A4D8               	btfss	status,2,c
   601   000618  EF10  F003         	goto	u11
   602   00061C  EF12  F003         	goto	u10
   603   000620                     u11:
   604   000620  EF1B  F003         	goto	l796
   605   000624                     u10:
   606   000624  5004               	movf	main@ATUAL_BOTAO^0,w,c
   607   000626  A4D8               	btfss	status,2,c
   608   000628  EF18  F003         	goto	u21
   609   00062C  EF1A  F003         	goto	u20
   610   000630                     u21:
   611   000630  EF1B  F003         	goto	l796
   612   000634                     u20:
   613   000634                     
   614                           ;TP2_Exer2.c: 20: LATD = ~LATD;
   615   000634  1E8C               	comf	140,f,c	;volatile
   616   000636                     l796:
   617                           
   618                           ;TP2_Exer2.c: 21: };TP2_Exer2.c: 23: ANTES_BOTAO = ATUAL_BOTAO;
   619   000636  C004  F003         	movff	main@ATUAL_BOTAO,main@ANTES_BOTAO
   620   00063A                     
   621                           ;TP2_Exer2.c: 24: _delay((unsigned long)((100)*(8000000/4000.0)));
   622   00063A  0E02               	movlw	2
   623   00063C  6E02               	movwf	(??_main+1)^0,c
   624   00063E  0E04               	movlw	4
   625   000640  6E01               	movwf	??_main^0,c
   626   000642  0EBA               	movlw	186
   627   000644                     u37:
   628   000644  2EE8               	decfsz	wreg,f,c
   629   000646  D7FE               	bra	u37
   630   000648  2E01               	decfsz	??_main^0,f,c
   631   00064A  D7FC               	bra	u37
   632   00064C  2E02               	decfsz	(??_main+1)^0,f,c
   633   00064E  D7FA               	bra	u37
   634   000650  D000               	nop2	
   635   000652  EF06  F003         	goto	l788
   636   000656  EF00  F000         	goto	start
   637   00065A                     __end_of_main:
   638                           	callstack 0
   639                           
   640 ;; *************** function _setup *****************
   641 ;; Defined at:
   642 ;;		line 28 in file "TP2_Exer2.c"
   643 ;; Parameters:    Size  Location     Type
   644 ;;		None
   645 ;; Auto vars:     Size  Location     Type
   646 ;;		None
   647 ;; Return value:  Size  Location     Type
   648 ;;                  1    wreg      void 
   649 ;; Registers used:
   650 ;;		wreg, status,2
   651 ;; Tracked objects:
   652 ;;		On entry : 0/0
   653 ;;		On exit  : 0/0
   654 ;;		Unchanged: 0/0
   655 ;; Data sizes:     COMRAM   BANK0   BANK1   BANK2   BANK3   BANK4   BANK5
   656 ;;      Params:         0       0       0       0       0       0       0
   657 ;;      Locals:         0       0       0       0       0       0       0
   658 ;;      Temps:          0       0       0       0       0       0       0
   659 ;;      Totals:         0       0       0       0       0       0       0
   660 ;;Total ram usage:        0 bytes
   661 ;; Hardware stack levels used: 1
   662 ;; This function calls:
   663 ;;		Nothing
   664 ;; This function is called by:
   665 ;;		_main
   666 ;; This function uses a non-reentrant model
   667 ;;
   668                           
   669                           	psect	text1
   670   00065A                     __ptext1:
   671                           	callstack 0
   672   00065A                     _setup:
   673                           	callstack 30
   674   00065A                     
   675                           ;TP2_Exer2.c: 29: OSCCON = 0x73;
   676   00065A  0E73               	movlw	115
   677   00065C  6ED3               	movwf	211,c	;volatile
   678   00065E                     
   679                           ;TP2_Exer2.c: 30: TRISD = 0x00;;
   680   00065E  6A95               	clrf	149,c	;volatile
   681   000660                     
   682                           ;TP2_Exer2.c: 31: TRISBbits.TRISB0 = 1;;
   683   000660  8093               	bsf	147,0,c	;volatile
   684   000662  0012               	return		;funcret
   685   000664                     __end_of_setup:
   686                           	callstack 0
   687                           
   688                           	psect	smallconst
   689   000600                     __psmallconst:
   690                           	callstack 0
   691   000600  00                 	db	0
   692   000601  00                 	db	0	; dummy byte at the end
   693   000000                     __activetblptr  equ	0
   694                           
   695                           	psect	rparam
   696   000001                     ___rparam_used  equ	1
   697   000000                     ___param_bank   equ	0
   698   000000                     __Lparam        equ	__Lrparam
   699   000000                     __Hparam        equ	__Hrparam
   700                           
   701                           	psect	config
   702                           
   703                           ; Padding undefined space
   704   300000                     	org	3145728
   705   300000  FF                 	db	255
   706                           
   707                           ;Config register CONFIG1H @ 0x300001
   708                           ;	Oscillator Selection bits
   709                           ;	OSC = IRCIO67, Internal oscillator block, port function on RA6 and RA7
   710                           ;	Fail-Safe Clock Monitor Enable bit
   711                           ;	FCMEN = OFF, Fail-Safe Clock Monitor disabled
   712                           ;	Internal/External Oscillator Switchover bit
   713                           ;	IESO = OFF, Oscillator Switchover mode disabled
   714   300001                     	org	3145729
   715   300001  08                 	db	8
   716                           
   717                           ;Config register CONFIG2L @ 0x300002
   718                           ;	Power-up Timer Enable bit
   719                           ;	PWRT = OFF, PWRT disabled
   720                           ;	Brown-out Reset Enable bits
   721                           ;	BOREN = BOHW, Brown-out Reset enabled in hardware only (SBOREN is disabled)
   722                           ;	Brown-out Reset Voltage bits
   723                           ;	BORV = 3, VBOR set to 2.1V
   724   300002                     	org	3145730
   725   300002  1F                 	db	31
   726                           
   727                           ;Config register CONFIG2H @ 0x300003
   728                           ;	Watchdog Timer Enable bit
   729                           ;	WDT = OFF, WDT disabled (control is placed on the SWDTEN bit)
   730                           ;	Watchdog Timer Postscale Select bits
   731                           ;	WDTPS = 32768, 1:32768
   732   300003                     	org	3145731
   733   300003  1E                 	db	30
   734                           
   735                           ; Padding undefined space
   736   300004                     	org	3145732
   737   300004  FF                 	db	255
   738                           
   739                           ;Config register CONFIG3H @ 0x300005
   740                           ;	PORTB A/D Enable bit
   741                           ;	PBADEN = ON, PORTB<4:0> pins are configured as analog input channels on Reset
   742                           ;	Low-Power Timer 1 Oscillator Enable bit
   743                           ;	LPT1OSC = OFF, Timer1 configured for higher power operation
   744                           ;	MCLR Pin Enable bit
   745                           ;	MCLRE = ON, MCLR pin enabled; RE3 input pin disabled
   746   300005                     	org	3145733
   747   300005  82                 	db	130
   748                           
   749                           ;Config register CONFIG4L @ 0x300006
   750                           ;	Stack Full/Underflow Reset Enable bit
   751                           ;	STVREN = ON, Stack full/underflow will cause Reset
   752                           ;	Single-Supply ICSP Enable bit
   753                           ;	LVP = OFF, Single-Supply ICSP disabled
   754                           ;	Boot Block Size Select bit
   755                           ;	BBSIZ = 1024, 1K words (2K bytes) boot block
   756                           ;	Extended Instruction Set Enable bit
   757                           ;	XINST = OFF, Instruction set extension and Indexed Addressing mode disabled (Legacy mo
      +                          de)
   758                           ;	Background Debugger Enable bit
   759                           ;	DEBUG = 0x1, unprogrammed default
   760   300006                     	org	3145734
   761   300006  81                 	db	129
   762                           
   763                           ; Padding undefined space
   764   300007                     	org	3145735
   765   300007  FF                 	db	255
   766                           
   767                           ;Config register CONFIG5L @ 0x300008
   768                           ;	Code Protection bit
   769                           ;	CP0 = OFF, Block 0 (000800-001FFFh) not code-protected
   770                           ;	Code Protection bit
   771                           ;	CP1 = OFF, Block 1 (002000-003FFFh) not code-protected
   772                           ;	Code Protection bit
   773                           ;	CP2 = OFF, Block 2 (004000-005FFFh) not code-protected
   774                           ;	Code Protection bit
   775                           ;	CP3 = OFF, Block 3 (006000-007FFFh) not code-protected
   776   300008                     	org	3145736
   777   300008  0F                 	db	15
   778                           
   779                           ;Config register CONFIG5H @ 0x300009
   780                           ;	Boot Block Code Protection bit
   781                           ;	CPB = OFF, Boot block (000000-0007FFh) not code-protected
   782                           ;	Data EEPROM Code Protection bit
   783                           ;	CPD = OFF, Data EEPROM not code-protected
   784   300009                     	org	3145737
   785   300009  C0                 	db	192
   786                           
   787                           ;Config register CONFIG6L @ 0x30000A
   788                           ;	Write Protection bit
   789                           ;	WRT0 = OFF, Block 0 (000800-001FFFh) not write-protected
   790                           ;	Write Protection bit
   791                           ;	WRT1 = OFF, Block 1 (002000-003FFFh) not write-protected
   792                           ;	Write Protection bit
   793                           ;	WRT2 = OFF, Block 2 (004000-005FFFh) not write-protected
   794                           ;	Write Protection bit
   795                           ;	WRT3 = OFF, Block 3 (006000-007FFFh) not write-protected
   796   30000A                     	org	3145738
   797   30000A  0F                 	db	15
   798                           
   799                           ;Config register CONFIG6H @ 0x30000B
   800                           ;	Configuration Register Write Protection bit
   801                           ;	WRTC = OFF, Configuration registers (300000-3000FFh) not write-protected
   802                           ;	Boot Block Write Protection bit
   803                           ;	WRTB = OFF, Boot block (000000-0007FFh) not write-protected
   804                           ;	Data EEPROM Write Protection bit
   805                           ;	WRTD = OFF, Data EEPROM not write-protected
   806   30000B                     	org	3145739
   807   30000B  E0                 	db	224
   808                           
   809                           ;Config register CONFIG7L @ 0x30000C
   810                           ;	Table Read Protection bit
   811                           ;	EBTR0 = OFF, Block 0 (000800-001FFFh) not protected from table reads executed in other
      +                           blocks
   812                           ;	Table Read Protection bit
   813                           ;	EBTR1 = OFF, Block 1 (002000-003FFFh) not protected from table reads executed in other
      +                           blocks
   814                           ;	Table Read Protection bit
   815                           ;	EBTR2 = OFF, Block 2 (004000-005FFFh) not protected from table reads executed in other
      +                           blocks
   816                           ;	Table Read Protection bit
   817                           ;	EBTR3 = OFF, Block 3 (006000-007FFFh) not protected from table reads executed in other
      +                           blocks
   818   30000C                     	org	3145740
   819   30000C  0F                 	db	15
   820                           
   821                           ;Config register CONFIG7H @ 0x30000D
   822                           ;	Boot Block Table Read Protection bit
   823                           ;	EBTRB = OFF, Boot block (000000-0007FFh) not protected from table reads executed in ot
      +                          her blocks
   824   30000D                     	org	3145741
   825   30000D  40                 	db	64
   826                           tosu	equ	0xFFF
   827                           tosh	equ	0xFFE
   828                           tosl	equ	0xFFD
   829                           stkptr	equ	0xFFC
   830                           pclatu	equ	0xFFB
   831                           pclath	equ	0xFFA
   832                           pcl	equ	0xFF9
   833                           tblptru	equ	0xFF8
   834                           tblptrh	equ	0xFF7
   835                           tblptrl	equ	0xFF6
   836                           tablat	equ	0xFF5
   837                           prodh	equ	0xFF4
   838                           prodl	equ	0xFF3
   839                           indf0	equ	0xFEF
   840                           postinc0	equ	0xFEE
   841                           postdec0	equ	0xFED
   842                           preinc0	equ	0xFEC
   843                           plusw0	equ	0xFEB
   844                           fsr0h	equ	0xFEA
   845                           fsr0l	equ	0xFE9
   846                           wreg	equ	0xFE8
   847                           indf1	equ	0xFE7
   848                           postinc1	equ	0xFE6
   849                           postdec1	equ	0xFE5
   850                           preinc1	equ	0xFE4
   851                           plusw1	equ	0xFE3
   852                           fsr1h	equ	0xFE2
   853                           fsr1l	equ	0xFE1
   854                           bsr	equ	0xFE0
   855                           indf2	equ	0xFDF
   856                           postinc2	equ	0xFDE
   857                           postdec2	equ	0xFDD
   858                           preinc2	equ	0xFDC
   859                           plusw2	equ	0xFDB
   860                           fsr2h	equ	0xFDA
   861                           fsr2l	equ	0xFD9
   862                           status	equ	0xFD8

Data Sizes:
    Strings     0
    Constant    0
    Data        0
    BSS         0
    Persistent  0
    Stack       0

Auto Spaces:
    Space          Size  Autos    Used
    COMRAM           95      4       4
    BANK0           160      0       0
    BANK1           256      0       0
    BANK2           256      0       0
    BANK3           256      0       0
    BANK4           256      0       0
    BANK5           256      0       0

Pointer List with Targets:

    None.

Critical Paths under _main in COMRAM

    None.

Critical Paths under _main in BANK0

    None.

Critical Paths under _main in BANK1

    None.

Critical Paths under _main in BANK2

    None.

Critical Paths under _main in BANK3

    None.

Critical Paths under _main in BANK4

    None.

Critical Paths under _main in BANK5

    None.

Call Graph Tables:

 ---------------------------------------------------------------------------------
 (Depth) Function   	        Calls       Base Space   Used Autos Params    Refs
 ---------------------------------------------------------------------------------
 (0) _main                                                 4     4      0      45
                                              0 COMRAM     4     4      0
                              _setup
 ---------------------------------------------------------------------------------
 (1) _setup                                                0     0      0       0
 ---------------------------------------------------------------------------------
 Estimated maximum stack depth 1
 ---------------------------------------------------------------------------------

 Call Graph Graphs:

 _main (ROOT)
   _setup

Address spaces:
Name               Size   Autos  Total    Usage
BITCOMRAM           95      0       0      0.0%
BITBANK0           160      0       0      0.0%
BITBANK1           256      0       0      0.0%
BITBANK2           256      0       0      0.0%
BITBANK3           256      0       0      0.0%
BITBANK4           256      0       0      0.0%
BITBANK5           256      0       0      0.0%
BITBIGSFRl         641      0       0      0.0%
BITBIGSFRh         126      0       0      0.0%
COMRAM              95      4       4      4.2%
BANK0              160      0       0      0.0%
BANK1              256      0       0      0.0%
BANK2              256      0       0      0.0%
BANK3              256      0       0      0.0%
BANK4              256      0       0      0.0%
BANK5              256      0       0      0.0%
BIGRAM            1535      0       0      0.0%
STACK                0      0       0      0.0%
DATA                 0      0       4      0.0%


Microchip Technology PIC18 Macro Assembler V2.50 build 20240725155939 
Symbol Table                                                                                   Mon Oct 28 23:26:59 2024

                     l26 0662                       u10 0624                       u11 0620  
                     u20 0634                       u21 0630                       u37 0644  
                    l780 0602                      l774 065A                      l790 0614  
                    l782 0606                      l776 065E                      l792 0624  
                    l784 060A                      l778 0660                      l794 0634  
                    l786 060A                      l796 0636                      l788 060C  
                    l798 063A                      wreg 0FE8                     _LATD 0F8C  
                   _main 0602                     start 0000             ___param_bank 0000  
                  ?_main 0001                    _TRISD 0F95                    _setup 065A  
                  status 0FD8          __initialization 0664             __end_of_main 065A  
                 ??_main 0001            __activetblptr 0000                   ?_setup 0001  
                 _OSCCON 0FD3                   isa$std 0001             __mediumconst 0000  
             __accesstop 0060  __end_of__initialization 0664            ___rparam_used 0001  
         __pcstackCOMRAM 0001            __end_of_setup 0664                  ??_setup 0001  
                __Hparam 0000                  __Lparam 0000             __psmallconst 0600  
                __pcinit 0664                  __ramtop 0600                  __ptext0 0602  
                __ptext1 065A     end_of_initialization 0664                _PORTBbits 0F81  
              _TRISBbits 0F93      start_initialization 0664          main@ANTES_BOTAO 0003  
        main@ATUAL_BOTAO 0004              __smallconst 0600                 __Hrparam 0000  
               __Lrparam 0000                 isa$xinst 0000  
